<?xml version="1.0" encoding="UTF-8"?>
<!-- Generated by org.testng.reporters.JUnitReportReporter -->
<testsuite skipped="0" hostname="DESKTOP-ASEO6FF" name="com.java.Details" tests="1" failures="0" timestamp="08 Mar 2023 13:43:53 GMT" time="0.045" errors="0">
  <testcase name="tc01" time="0.045" classname="com.java.Details"/>
</testsuite> <!-- com.java.Details -->
